1613384806644	geckodriver	INFO	Listening on 127.0.0.1:34423
1613384806651	mozrunner::runner	INFO	Running command: "/usr/bin/firefox" "--marionette" "-headless" "-foreground" "-no-remote" "-profile" "/tmp/rust_mozprofileFXf5zM"
*** You are running in headless mode.
console.warn: SearchSettings: "get: No settings file exists, new profile?" (new Error("", "(unknown module)"))
1613384808407	Marionette	INFO	Listening on port 38857
1613384808484	Marionette	WARN	TLS certificate errors will be ignored for this session
1613384808500	Marionette	ERROR	[18] No reply from Marionette:Register
1613385103879	geckodriver	INFO	Listening on 127.0.0.1:51185
1613385103887	mozrunner::runner	INFO	Running command: "/usr/bin/firefox" "--marionette" "-headless" "-foreground" "-no-remote" "-profile" "/tmp/rust_mozprofileUTkl2l"
*** You are running in headless mode.
console.warn: SearchSettings: "get: No settings file exists, new profile?" (new Error("", "(unknown module)"))
1613385105694	Marionette	INFO	Listening on port 33241
1613385105815	Marionette	WARN	TLS certificate errors will be ignored for this session
1613385105832	Marionette	ERROR	[15] No reply from Marionette:Register
1613385165679	geckodriver	INFO	Listening on 127.0.0.1:33939
1613385165686	mozrunner::runner	INFO	Running command: "/usr/bin/firefox" "--marionette" "-headless" "-foreground" "-no-remote" "-profile" "/tmp/rust_mozprofileov11ii"
*** You are running in headless mode.
console.warn: SearchSettings: "get: No settings file exists, new profile?" (new Error("", "(unknown module)"))
1613385167531	Marionette	INFO	Listening on port 38811
1613385167625	Marionette	WARN	TLS certificate errors will be ignored for this session
1613385167645	Marionette	ERROR	[15] No reply from Marionette:Register
console.log: WebExtensions: reset-default-search: No addons in our list are installed.
1613385221651	geckodriver	INFO	Listening on 127.0.0.1:33503
1613385221659	mozrunner::runner	INFO	Running command: "/usr/bin/firefox" "--marionette" "-headless" "-foreground" "-no-remote" "-profile" "/tmp/rust_mozprofileVC0qD5"
*** You are running in headless mode.
console.warn: SearchSettings: "get: No settings file exists, new profile?" (new Error("", "(unknown module)"))
1613385223385	Marionette	INFO	Listening on port 35255
1613385223513	Marionette	WARN	TLS certificate errors will be ignored for this session
1613385223530	Marionette	ERROR	[15] No reply from Marionette:Register
1613385256496	geckodriver	INFO	Listening on 127.0.0.1:38345
1613385256503	mozrunner::runner	INFO	Running command: "/usr/bin/firefox" "--marionette" "-headless" "-foreground" "-no-remote" "-profile" "/tmp/rust_mozprofileBb7V3g"
*** You are running in headless mode.
console.warn: SearchSettings: "get: No settings file exists, new profile?" (new Error("", "(unknown module)"))
1613385258221	Marionette	INFO	Listening on port 33943
1613385258336	Marionette	WARN	TLS certificate errors will be ignored for this session
1613385258351	Marionette	ERROR	[15] No reply from Marionette:Register
1613385367039	geckodriver	INFO	Listening on 127.0.0.1:48691
1613385367046	mozrunner::runner	INFO	Running command: "/usr/bin/firefox" "--marionette" "-headless" "-foreground" "-no-remote" "-profile" "/tmp/rust_mozprofilejMJ9SE"
*** You are running in headless mode.
console.warn: SearchSettings: "get: No settings file exists, new profile?" (new Error("", "(unknown module)"))
1613385369056	Marionette	INFO	Listening on port 46399
1613385369179	Marionette	WARN	TLS certificate errors will be ignored for this session
1613385369193	Marionette	ERROR	[18] No reply from Marionette:Register
console.log: WebExtensions: reset-default-search: No addons in our list are installed.
console.log: WebExtensions: reset-default-search: No addons in our list are installed.
console.log: WebExtensions: reset-default-search: No addons in our list are installed.
console.log: WebExtensions: reset-default-search: No addons in our list are installed.
console.log: WebExtensions: reset-default-search: No addons in our list are installed.
1613388161148	geckodriver	INFO	Listening on 127.0.0.1:44223
1613388161155	mozrunner::runner	INFO	Running command: "/usr/bin/firefox" "--marionette" "-headless" "-foreground" "-no-remote" "-profile" "/tmp/rust_mozprofileylveUB"
*** You are running in headless mode.
console.warn: SearchSettings: "get: No settings file exists, new profile?" (new Error("", "(unknown module)"))
1613388162933	Marionette	INFO	Listening on port 43025
1613388163014	Marionette	WARN	TLS certificate errors will be ignored for this session
1613388163033	Marionette	ERROR	[15] No reply from Marionette:Register
console.log: WebExtensions: reset-default-search: No addons in our list are installed.
1613388789333	geckodriver	INFO	Listening on 127.0.0.1:46789
1613388789341	mozrunner::runner	INFO	Running command: "/usr/bin/firefox" "--marionette" "-headless" "-foreground" "-no-remote" "-profile" "/tmp/rust_mozprofile9KkpDU"
*** You are running in headless mode.
console.warn: SearchSettings: "get: No settings file exists, new profile?" (new Error("", "(unknown module)"))
1613388791016	Marionette	INFO	Listening on port 40183
1613388791068	Marionette	WARN	TLS certificate errors will be ignored for this session
1613388791086	Marionette	ERROR	[15] No reply from Marionette:Register
1613388846736	geckodriver	INFO	Listening on 127.0.0.1:54163
1613388846743	mozrunner::runner	INFO	Running command: "/usr/bin/firefox" "--marionette" "-headless" "-foreground" "-no-remote" "-profile" "/tmp/rust_mozprofilebg3hOx"
*** You are running in headless mode.
console.warn: SearchSettings: "get: No settings file exists, new profile?" (new Error("", "(unknown module)"))
1613388848440	Marionette	INFO	Listening on port 45685
1613388848474	Marionette	WARN	TLS certificate errors will be ignored for this session
1613388848490	Marionette	ERROR	[15] No reply from Marionette:Register
1613388913599	geckodriver	INFO	Listening on 127.0.0.1:45219
1613388913607	mozrunner::runner	INFO	Running command: "/usr/bin/firefox" "--marionette" "-headless" "-foreground" "-no-remote" "-profile" "/tmp/rust_mozprofilenFi1z0"
*** You are running in headless mode.
console.warn: SearchSettings: "get: No settings file exists, new profile?" (new Error("", "(unknown module)"))
1613388915249	Marionette	INFO	Listening on port 37267
1613388915337	Marionette	WARN	TLS certificate errors will be ignored for this session
1613388915352	Marionette	ERROR	[15] No reply from Marionette:Register
1613388962190	geckodriver	INFO	Listening on 127.0.0.1:54361
1613388962198	mozrunner::runner	INFO	Running command: "/usr/bin/firefox" "--marionette" "-headless" "-foreground" "-no-remote" "-profile" "/tmp/rust_mozprofilewsQmdH"
*** You are running in headless mode.
console.warn: SearchSettings: "get: No settings file exists, new profile?" (new Error("", "(unknown module)"))
1613388963909	Marionette	INFO	Listening on port 45825
1613388964046	Marionette	WARN	TLS certificate errors will be ignored for this session
1613388964060	Marionette	ERROR	[18] No reply from Marionette:Register
1613388993743	geckodriver	INFO	Listening on 127.0.0.1:60565
1613388993751	mozrunner::runner	INFO	Running command: "/usr/bin/firefox" "--marionette" "-headless" "-foreground" "-no-remote" "-profile" "/tmp/rust_mozprofileRded03"
*** You are running in headless mode.
console.warn: SearchSettings: "get: No settings file exists, new profile?" (new Error("", "(unknown module)"))
1613388995449	Marionette	INFO	Listening on port 44423
1613388995488	Marionette	WARN	TLS certificate errors will be ignored for this session
1613388995505	Marionette	ERROR	[15] No reply from Marionette:Register
1613389017758	geckodriver	INFO	Listening on 127.0.0.1:45029
1613389017767	mozrunner::runner	INFO	Running command: "/usr/bin/firefox" "--marionette" "-headless" "-foreground" "-no-remote" "-profile" "/tmp/rust_mozprofilelwigEE"
*** You are running in headless mode.
console.warn: SearchSettings: "get: No settings file exists, new profile?" (new Error("", "(unknown module)"))
1613389019429	Marionette	INFO	Listening on port 44133
1613389019512	Marionette	WARN	TLS certificate errors will be ignored for this session
1613389019527	Marionette	ERROR	[15] No reply from Marionette:Register
1613389064866	geckodriver	INFO	Listening on 127.0.0.1:58413
1613389064874	mozrunner::runner	INFO	Running command: "/usr/bin/firefox" "--marionette" "-headless" "-foreground" "-no-remote" "-profile" "/tmp/rust_mozprofileZbCmJZ"
*** You are running in headless mode.
console.warn: SearchSettings: "get: No settings file exists, new profile?" (new Error("", "(unknown module)"))
1613389066589	Marionette	INFO	Listening on port 36231
1613389066703	Marionette	WARN	TLS certificate errors will be ignored for this session
1613389066721	Marionette	ERROR	[15] No reply from Marionette:Register
1613389095072	geckodriver	INFO	Listening on 127.0.0.1:52297
1613389095080	mozrunner::runner	INFO	Running command: "/usr/bin/firefox" "--marionette" "-headless" "-foreground" "-no-remote" "-profile" "/tmp/rust_mozprofileVJdXzC"
*** You are running in headless mode.
console.warn: SearchSettings: "get: No settings file exists, new profile?" (new Error("", "(unknown module)"))
1613389096733	Marionette	INFO	Listening on port 45307
1613389096813	Marionette	WARN	TLS certificate errors will be ignored for this session
1613389096832	Marionette	ERROR	[15] No reply from Marionette:Register
1613389164904	geckodriver	INFO	Listening on 127.0.0.1:60411
1613389164911	mozrunner::runner	INFO	Running command: "/usr/bin/firefox" "--marionette" "-foreground" "-no-remote" "-profile" "/tmp/rust_mozprofilebB2YaV"
console.warn: SearchSettings: "get: No settings file exists, new profile?" (new Error("", "(unknown module)"))
1613389166792	Marionette	INFO	Listening on port 35063
1613389166841	Marionette	WARN	TLS certificate errors will be ignored for this session
1613389166859	Marionette	ERROR	[15] No reply from Marionette:Register
console.log: WebExtensions: reset-default-search: No addons in our list are installed.
IPDL protocol error: Handler returned error code!

###!!! [Parent][DispatchAsyncMessage] Error: PLayerTransaction::Msg_ReleaseLayer Processing error: message was deserialized, but the handler returned false (indicating failure)

IPDL protocol error: Handler returned error code!

###!!! [Parent][DispatchAsyncMessage] Error: PLayerTransaction::Msg_ReleaseLayer Processing error: message was deserialized, but the handler returned false (indicating failure)

IPDL protocol error: Handler returned error code!

###!!! [Parent][DispatchAsyncMessage] Error: PLayerTransaction::Msg_ReleaseLayer Processing error: message was deserialized, but the handler returned false (indicating failure)

IPDL protocol error: Handler returned error code!

###!!! [Parent][DispatchAsyncMessage] Error: PLayerTransaction::Msg_ReleaseLayer Processing error: message was deserialized, but the handler returned false (indicating failure)

IPDL protocol error: Handler returned error code!

###!!! [Parent][DispatchAsyncMessage] Error: PLayerTransaction::Msg_ReleaseLayer Processing error: message was deserialized, but the handler returned false (indicating failure)

IPDL protocol error: Handler returned error code!

###!!! [Parent][DispatchAsyncMessage] Error: PLayerTransaction::Msg_ReleaseLayer Processing error: message was deserialized, but the handler returned false (indicating failure)

1613389235362	Marionette	INFO	Stopped listening on port 35063
1613389237020	geckodriver	INFO	Listening on 127.0.0.1:48577
1613389237027	mozrunner::runner	INFO	Running command: "/usr/bin/firefox" "--marionette" "-foreground" "-no-remote" "-profile" "/tmp/rust_mozprofileI9zbzh"
console.warn: SearchSettings: "get: No settings file exists, new profile?" (new Error("", "(unknown module)"))
1613389239031	Marionette	INFO	Listening on port 35339
1613389239059	Marionette	WARN	TLS certificate errors will be ignored for this session
console.log: WebExtensions: reset-default-search: No addons in our list are installed.
1613389239075	Marionette	ERROR	[18] No reply from Marionette:Register
console.log: WebExtensions: reset-default-search: No addons in our list are installed.
1613389339390	Marionette	INFO	Stopped listening on port 35339
1613389340963	geckodriver	INFO	Listening on 127.0.0.1:49121
1613389340971	mozrunner::runner	INFO	Running command: "/usr/bin/firefox" "--marionette" "-foreground" "-no-remote" "-profile" "/tmp/rust_mozprofileXXaJrR"
console.warn: SearchSettings: "get: No settings file exists, new profile?" (new Error("", "(unknown module)"))
1613389342772	Marionette	INFO	Listening on port 46783
1613389342797	Marionette	WARN	TLS certificate errors will be ignored for this session
1613389342811	Marionette	ERROR	[15] No reply from Marionette:Register
console.log: WebExtensions: reset-default-search: No addons in our list are installed.
console.log: WebExtensions: reset-default-search: No addons in our list are installed.
1613389407413	Marionette	INFO	Stopped listening on port 46783
1613389409375	geckodriver	INFO	Listening on 127.0.0.1:48287
1613389409382	mozrunner::runner	INFO	Running command: "/usr/bin/firefox" "--marionette" "-foreground" "-no-remote" "-profile" "/tmp/rust_mozprofileqtOH7s"
console.log: WebExtensions: reset-default-search: No addons in our list are installed.
console.warn: SearchSettings: "get: No settings file exists, new profile?" (new Error("", "(unknown module)"))
1613389411322	Marionette	INFO	Listening on port 35065
1613389411413	Marionette	WARN	TLS certificate errors will be ignored for this session
1613389411431	Marionette	ERROR	[15] No reply from Marionette:Register
1613389436214	Marionette	INFO	Stopped listening on port 35065
console.log: WebExtensions: reset-default-search: No addons in our list are installed.
console.log: WebExtensions: reset-default-search: No addons in our list are installed.
1613389720049	geckodriver	INFO	Listening on 127.0.0.1:60415
1613389720057	mozrunner::runner	INFO	Running command: "/usr/bin/firefox" "--marionette" "-foreground" "-no-remote" "-profile" "/tmp/rust_mozprofile5fexAX"
console.warn: SearchSettings: "get: No settings file exists, new profile?" (new Error("", "(unknown module)"))
1613389722059	Marionette	INFO	Listening on port 38321
1613389722085	Marionette	WARN	TLS certificate errors will be ignored for this session
1613389722101	Marionette	ERROR	[15] No reply from Marionette:Register
1613389747855	Marionette	INFO	Stopped listening on port 38321
1613389749899	geckodriver	INFO	Listening on 127.0.0.1:43361
1613389749906	mozrunner::runner	INFO	Running command: "/usr/bin/firefox" "--marionette" "-foreground" "-no-remote" "-profile" "/tmp/rust_mozprofile8cGFvc"
console.warn: SearchSettings: "get: No settings file exists, new profile?" (new Error("", "(unknown module)"))
1613389751841	Marionette	INFO	Listening on port 42787
1613389751935	Marionette	WARN	TLS certificate errors will be ignored for this session
1613389751951	Marionette	ERROR	[18] No reply from Marionette:Register
Exiting due to channel error.
Exiting due to channel error.
Exiting due to channel error.
1613389768524	geckodriver	INFO	Listening on 127.0.0.1:42787
1613389768532	mozrunner::runner	INFO	Running command: "/usr/bin/firefox" "--marionette" "-foreground" "-no-remote" "-profile" "/tmp/rust_mozprofile54FwXz"
console.warn: SearchSettings: "get: No settings file exists, new profile?" (new Error("", "(unknown module)"))
1613389770294	Marionette	INFO	Listening on port 39473
1613389770356	Marionette	WARN	TLS certificate errors will be ignored for this session
1613389770371	Marionette	ERROR	[15] No reply from Marionette:Register
1613389791562	Marionette	INFO	Stopped listening on port 39473
1613389796221	geckodriver	INFO	Listening on 127.0.0.1:50945
1613389796228	mozrunner::runner	INFO	Running command: "/usr/bin/firefox" "--marionette" "-headless" "-foreground" "-no-remote" "-profile" "/tmp/rust_mozprofileY2oD7g"
*** You are running in headless mode.
console.warn: SearchSettings: "get: No settings file exists, new profile?" (new Error("", "(unknown module)"))
1613389797992	Marionette	INFO	Listening on port 34389
1613389798066	Marionette	WARN	TLS certificate errors will be ignored for this session
1613389798082	Marionette	ERROR	[18] No reply from Marionette:Register
1613389983217	geckodriver	INFO	Listening on 127.0.0.1:34433
1613389983226	mozrunner::runner	INFO	Running command: "/usr/bin/firefox" "--marionette" "-headless" "-foreground" "-no-remote" "-profile" "/tmp/rust_mozprofileglED7S"
*** You are running in headless mode.
console.warn: SearchSettings: "get: No settings file exists, new profile?" (new Error("", "(unknown module)"))
1613389984965	Marionette	INFO	Listening on port 43805
1613389985060	Marionette	WARN	TLS certificate errors will be ignored for this session
1613389985081	Marionette	ERROR	[15] No reply from Marionette:Register
console.log: WebExtensions: reset-default-search: No addons in our list are installed.
console.log: WebExtensions: reset-default-search: No addons in our list are installed.
1613407318137	geckodriver	INFO	Listening on 127.0.0.1:40957
1613407318145	mozrunner::runner	INFO	Running command: "/usr/bin/firefox" "--marionette" "-headless" "-foreground" "-no-remote" "-profile" "/tmp/rust_mozprofilep467ZB"
*** You are running in headless mode.
console.warn: SearchSettings: "get: No settings file exists, new profile?" (new Error("", "(unknown module)"))
1613407319821	Marionette	INFO	Listening on port 46363
1613407319889	Marionette	WARN	TLS certificate errors will be ignored for this session
1613407319906	Marionette	ERROR	[18] No reply from Marionette:Register
1613407346520	geckodriver	INFO	Listening on 127.0.0.1:57261
1613407346528	mozrunner::runner	INFO	Running command: "/usr/bin/firefox" "--marionette" "-foreground" "-no-remote" "-profile" "/tmp/rust_mozprofileXDpqoy"
console.warn: SearchSettings: "get: No settings file exists, new profile?" (new Error("", "(unknown module)"))
1613407348306	Marionette	INFO	Listening on port 40327
1613407348353	Marionette	WARN	TLS certificate errors will be ignored for this session
1613407348369	Marionette	ERROR	[15] No reply from Marionette:Register
1613407373625	Marionette	INFO	Stopped listening on port 40327
1613407384171	geckodriver	INFO	Listening on 127.0.0.1:51697
1613407384179	mozrunner::runner	INFO	Running command: "/usr/bin/firefox" "--marionette" "-headless" "-foreground" "-no-remote" "-profile" "/tmp/rust_mozprofilerhP8q4"
*** You are running in headless mode.
console.warn: SearchSettings: "get: No settings file exists, new profile?" (new Error("", "(unknown module)"))
1613407385992	Marionette	INFO	Listening on port 34007
1613407386104	Marionette	WARN	TLS certificate errors will be ignored for this session
1613407386120	Marionette	ERROR	[15] No reply from Marionette:Register
console.log: WebExtensions: reset-default-search: No addons in our list are installed.
console.log: WebExtensions: reset-default-search: No addons in our list are installed.
1614109431251	Marionette	INFO	Stopped listening on port 45825
1614109431306	Marionette	INFO	Stopped listening on port 38857
1614109431306	Marionette	INFO	Stopped listening on port 40183

###!!! [Parent][RunMessage] Error: Channel closing: too late to send/recv, messages will be lost


###!!! [Parent][RunMessage] Error: Channel closing: too late to send/recv, messages will be lost

1614109431328	Marionette	INFO	Stopped listening on port 36231
1614109431329	Marionette	INFO	Stopped listening on port 38811
1614109431339	Marionette	INFO	Stopped listening on port 45685
1614109431340	Marionette	INFO	Stopped listening on port 34007
1614109431342	Marionette	INFO	Stopped listening on port 33943
1614109431342	Marionette	INFO	Stopped listening on port 33241
1614109431343	Marionette	INFO	Stopped listening on port 43805
1614109431347	Marionette	INFO	Stopped listening on port 37267
1614109431348	Marionette	INFO	Stopped listening on port 46399
1614109431348	Marionette	INFO	Stopped listening on port 46363
1614109431349	Marionette	INFO	Stopped listening on port 43025
1614109431352	Marionette	INFO	Stopped listening on port 44423
1614109431358	Marionette	INFO	Stopped listening on port 35255
1614109431359	Marionette	INFO	Stopped listening on port 45307

###!!! [Parent][RunMessage] Error: Channel closing: too late to send/recv, messages will be lost

1614109431367	Marionette	INFO	Stopped listening on port 34389

###!!! [Parent][RunMessage] Error: Channel closing: too late to send/recv, messages will be lost

1614109431393	Marionette	INFO	Stopped listening on port 44133

###!!! [Parent][RunMessage] Error: Channel closing: too late to send/recv, messages will be lost

1615367448017	geckodriver	INFO	Listening on 127.0.0.1:38649
1615367448948	mozrunner::runner	INFO	Running command: "/usr/bin/firefox" "--marionette" "-headless" "-foreground" "-no-remote" "-profile" "/tmp/rust_mozprofileC6qFs8"
*** You are running in headless mode.

(/usr/lib/firefox/firefox:26358): GLib-GObject-CRITICAL **: 12:10:49.797: g_object_set: assertion 'G_IS_OBJECT (object)' failed

(/usr/lib/firefox/firefox:26379): GLib-GObject-CRITICAL **: 12:10:49.884: g_object_set: assertion 'G_IS_OBJECT (object)' failed
console.warn: SearchSettings: "get: No settings file exists, new profile?" (new Error("", "(unknown module)"))
1615367450690	Marionette	INFO	Listening on port 44969
1615367450778	Marionette	WARN	TLS certificate errors will be ignored for this session

(/usr/lib/firefox/firefox:26455): GLib-GObject-CRITICAL **: 12:10:50.824: g_object_set: assertion 'G_IS_OBJECT (object)' failed
Exiting due to channel error.
Exiting due to channel error.
Exiting due to channel error.
1615367482459	geckodriver	INFO	Listening on 127.0.0.1:53725
1615367482467	mozrunner::runner	INFO	Running command: "/usr/bin/firefox" "--marionette" "-foreground" "-no-remote" "-profile" "/tmp/rust_mozprofileZgMJT3"
console.warn: SearchSettings: "get: No settings file exists, new profile?" (new Error("", "(unknown module)"))
1615367484464	Marionette	INFO	Listening on port 36151
1615367484495	Marionette	WARN	TLS certificate errors will be ignored for this session
1615367534283	Marionette	INFO	Stopped listening on port 36151
1615367593011	geckodriver	INFO	Listening on 127.0.0.1:33721
1615367593019	mozrunner::runner	INFO	Running command: "/usr/bin/firefox" "--marionette" "-foreground" "-no-remote" "-profile" "/tmp/rust_mozprofile4QO1RJ"
console.warn: SearchSettings: "get: No settings file exists, new profile?" (new Error("", "(unknown module)"))
1615367594911	Marionette	INFO	Listening on port 44879
1615367594949	Marionette	WARN	TLS certificate errors will be ignored for this session
1615367619552	Marionette	INFO	Stopped listening on port 44879
1615367664851	geckodriver	INFO	Listening on 127.0.0.1:49833
1615367664859	mozrunner::runner	INFO	Running command: "/usr/bin/firefox" "--marionette" "-foreground" "-no-remote" "-profile" "/tmp/rust_mozprofileZLtxQz"
console.warn: SearchSettings: "get: No settings file exists, new profile?" (new Error("", "(unknown module)"))
1615367666639	Marionette	INFO	Listening on port 40251
1615367666701	Marionette	WARN	TLS certificate errors will be ignored for this session
1615367687695	Marionette	INFO	Stopped listening on port 40251
1615367702224	geckodriver	INFO	Listening on 127.0.0.1:45119
1615367702232	mozrunner::runner	INFO	Running command: "/usr/bin/firefox" "--marionette" "-foreground" "-no-remote" "-profile" "/tmp/rust_mozprofilePDVpLo"
console.warn: SearchSettings: "get: No settings file exists, new profile?" (new Error("", "(unknown module)"))
1615367704311	Marionette	INFO	Listening on port 42691
1615367704363	Marionette	WARN	TLS certificate errors will be ignored for this session
1615367726779	Marionette	INFO	Stopped listening on port 42691
1615367728943	geckodriver	INFO	Listening on 127.0.0.1:37499
1615367728951	mozrunner::runner	INFO	Running command: "/usr/bin/firefox" "--marionette" "-foreground" "-no-remote" "-profile" "/tmp/rust_mozprofileQXG5T7"
console.warn: SearchSettings: "get: No settings file exists, new profile?" (new Error("", "(unknown module)"))
1615367730755	Marionette	INFO	Listening on port 42603
1615367730811	Marionette	WARN	TLS certificate errors will be ignored for this session
1615367781262	Marionette	INFO	Stopped listening on port 42603
1615367806654	geckodriver	INFO	Listening on 127.0.0.1:48185
1615367806662	mozrunner::runner	INFO	Running command: "/usr/bin/firefox" "--marionette" "-foreground" "-no-remote" "-profile" "/tmp/rust_mozprofileqynHqt"
console.warn: SearchSettings: "get: No settings file exists, new profile?" (new Error("", "(unknown module)"))
1615367808481	Marionette	INFO	Listening on port 37973
1615367808593	Marionette	WARN	TLS certificate errors will be ignored for this session
JavaScript error: resource://activity-stream/lib/ASRouter.jsm, line 988: NS_ERROR_ILLEGAL_VALUE: Component returned failure code: 0x80070057 (NS_ERROR_ILLEGAL_VALUE) [nsIObserverService.removeObserver]
1615367815458	Marionette	INFO	Stopped listening on port 37973
1615367823651	geckodriver	INFO	Listening on 127.0.0.1:49185
1615367823659	mozrunner::runner	INFO	Running command: "/usr/bin/firefox" "--marionette" "-foreground" "-no-remote" "-profile" "/tmp/rust_mozprofileXHthPf"
console.warn: SearchSettings: "get: No settings file exists, new profile?" (new Error("", "(unknown module)"))
1615367825505	Marionette	INFO	Listening on port 34695
1615367825593	Marionette	WARN	TLS certificate errors will be ignored for this session
console.log: WebExtensions: reset-default-search: No addons in our list are installed.
1615370520406	Marionette	INFO	Stopped listening on port 34695
